2024-05-17 15:10:57,829 DEBUG:This is a debug message
2024-05-17 15:10:57,829 INFO:This is an info message
2024-05-17 15:10:57,829 WARNING:This is a warning message
2024-05-17 15:10:57,829 ERROR:This is an error message
2024-05-17 15:10:57,829 CRITICAL:This is a critical message
2024-05-17 15:21:37,177 DEBUG:This is a debug message
2024-05-17 15:21:37,177 INFO:This is an info message
2024-05-17 15:21:37,177 WARNING:This is a warning message
2024-05-17 15:21:37,177 ERROR:This is an error message
2024-05-17 15:21:37,177 CRITICAL:This is a critical message
2024-05-17 15:47:56,130 DEBUG:This is a debug message
2024-05-17 15:47:56,131 INFO:This is an info message
2024-05-17 15:47:56,131 WARNING:This is a warning message
2024-05-17 15:47:56,131 ERROR:This is an error message
2024-05-17 15:47:56,131 CRITICAL:This is a critical message
2024-05-17 15:50:10,206 DEBUG:This is a debug message
2024-05-17 15:50:10,208 INFO:This is an info message
2024-05-17 15:50:10,208 WARNING:This is a warning message
2024-05-17 15:50:10,209 ERROR:This is an error message
2024-05-17 15:50:10,209 CRITICAL:This is a critical message
2024-05-17 15:50:37,396 ERROR:SEND Error: Host unreachable
2024-05-17 15:50:59,144 DEBUG:This is a debug message
2024-05-17 15:50:59,145 INFO:This is an info message
2024-05-17 15:50:59,145 WARNING:This is a warning message
2024-05-17 15:50:59,145 ERROR:This is an error message
2024-05-17 15:50:59,146 CRITICAL:This is a critical message
2024-05-17 15:52:44,521 ERROR:SEND Error: Host unreachable
2024-05-17 15:53:32,560 DEBUG:This is a debug message
2024-05-17 15:53:32,561 INFO:This is an info message
2024-05-17 15:53:32,561 WARNING:This is a warning message
2024-05-17 15:53:32,562 ERROR:This is an error message
2024-05-17 15:53:32,562 CRITICAL:This is a critical message
2024-05-17 16:03:15,134 DEBUG:This is a debug message
2024-05-17 16:03:15,134 INFO:This is an info message
2024-05-17 16:03:15,134 WARNING:This is a warning message
2024-05-17 16:03:15,134 ERROR:This is an error message
2024-05-17 16:03:15,134 CRITICAL:This is a critical message
2024-05-17 16:04:53,293 DEBUG:This is a debug message
2024-05-17 16:04:53,293 INFO:This is an info message
2024-05-17 16:04:53,293 WARNING:This is a warning message
2024-05-17 16:04:53,294 ERROR:This is an error message
2024-05-17 16:04:53,294 CRITICAL:This is a critical message
2024-05-17 16:06:07,136 DEBUG:This is a debug message
2024-05-17 16:06:07,136 INFO:This is an info message
2024-05-17 16:06:07,136 WARNING:This is a warning message
2024-05-17 16:06:07,137 ERROR:This is an error message
2024-05-17 16:06:07,137 CRITICAL:This is a critical message
2024-05-17 16:10:30,224 DEBUG:This is a debug message
2024-05-17 16:10:30,225 INFO:This is an info message
2024-05-17 16:10:30,226 WARNING:This is a warning message
2024-05-17 16:10:30,226 ERROR:This is an error message
2024-05-17 16:10:30,226 CRITICAL:This is a critical message
