Starting feature extraction...
Processing source: quattrocento...
Processing sensor: emg_upper_trapezius...
Extracted features 0.0% for emg_upper_trapezius.
Extracted features 30.161940755939533% for emg_upper_trapezius.
Extracted features 60.323881511879065% for emg_upper_trapezius.
Extracted features 90.48582226781859% for emg_upper_trapezius.
Skipping incomplete segment at index 20336640 for emg_upper_trapezius.
Combined and imputed features for sensor: emg_upper_trapezius.
Processing sensor: emg_mastoid...
Extracted features 0.0% for emg_mastoid.
Extracted features 30.161940755939533% for emg_mastoid.
Extracted features 60.323881511879065% for emg_mastoid.
Extracted features 90.48582226781859% for emg_mastoid.
Skipping incomplete segment at index 20336640 for emg_mastoid.
Combined and imputed features for sensor: emg_mastoid.
Processing source: polar...
Processing sensor: acc...
Extracted features 0.0% for acc.
Extracted features 30.162030427456294% for acc.
Extracted features 60.32406085491259% for acc.
Extracted features 90.48609128236889% for acc.
Skipping incomplete segment at index 248250 for acc.
Combined and imputed features for sensor: acc.
Processing sensor: ecg...
Extracted features 0.0% for ecg.
Extracted features 30.1619464509443% for ecg.
Extracted features 60.3238929018886% for ecg.
Extracted features 90.4858393528329% for ecg.
Skipping incomplete segment at index 1290900 for ecg.
Dropped columns with NaN mean for sensor: ecg - ['HRV_SDANN1', 'HRV_SDNNI1', 'HRV_SDANN2', 'HRV_SDNNI2', 'HRV_SDANN5', 'HRV_SDNNI5', 'HRV_ULF', 'HRV_VLF', 'HRV_LF', 'HRV_LFHF', 'HRV_LFn', 'ECG_P_Peaks_Interval_Mean', 'ECG_P_Peaks_Interval_SD', 'ECG_Q_Peaks_Interval_Mean', 'ECG_Q_Peaks_Interval_SD', 'ECG_S_Peaks_Interval_Mean', 'ECG_S_Peaks_Interval_SD', 'ECG_T_Peaks_Interval_Mean', 'ECG_T_Peaks_Interval_SD']
Combined and imputed features for sensor: ecg.
Processing sensor: ibi...
No feature extractor available for polar - ibi. Skipping.
Processing source: empatica...
Processing sensor: acc...
Extracted features 0.0% for acc.
Extracted features 30.162026636839773% for acc.
Extracted features 60.324053273679546% for acc.
Extracted features 90.48607991051932% for acc.
Skipping incomplete segment at index 317760 for acc.
Combined and imputed features for sensor: acc.
Processing sensor: bvp...
Extracted features 0.0% for bvp.
Extracted features 30.161931871736385% for bvp.
